Started GET "/" for 127.0.0.1 at 2022-01-21 01:08:05 -0600
  [1m[35m (2.6ms)[0m  [1m[34mSELECT sqlite_version(*)[0m
Processing by Rails::WelcomeController#index as HTML
  Rendering C:/Ruby30-x64/lib/ruby/gems/3.0.0/gems/railties-7.0.1/lib/rails/templates/rails/welcome/index.html.erb
  Rendered C:/Ruby30-x64/lib/ruby/gems/3.0.0/gems/railties-7.0.1/lib/rails/templates/rails/welcome/index.html.erb (Duration: 4.2ms | Allocations: 842)
Completed 200 OK in 41ms (Views: 15.1ms | ActiveRecord: 0.0ms | Allocations: 7916)


Started GET "/" for 127.0.0.1 at 2022-01-21 09:06:33 -0600
  [1m[35m (13.8ms)[0m  [1m[34mSELECT sqlite_version(*)[0m
Processing by Rails::WelcomeController#index as HTML
  Rendering C:/Ruby30-x64/lib/ruby/gems/3.0.0/gems/railties-7.0.1/lib/rails/templates/rails/welcome/index.html.erb
  Rendered C:/Ruby30-x64/lib/ruby/gems/3.0.0/gems/railties-7.0.1/lib/rails/templates/rails/welcome/index.html.erb (Duration: 28.6ms | Allocations: 717)
Completed 200 OK in 162ms (Views: 69.9ms | ActiveRecord: 0.0ms | Allocations: 6410)


Started GET "/" for 127.0.0.1 at 2022-01-21 09:22:53 -0600
Processing by Rails::WelcomeController#index as HTML
  Rendering C:/Ruby30-x64/lib/ruby/gems/3.0.0/gems/railties-7.0.1/lib/rails/templates/rails/welcome/index.html.erb
  Rendered C:/Ruby30-x64/lib/ruby/gems/3.0.0/gems/railties-7.0.1/lib/rails/templates/rails/welcome/index.html.erb (Duration: 1.2ms | Allocations: 393)
Completed 200 OK in 7ms (Views: 2.9ms | Allocations: 1411)


Started GET "/articles" for 127.0.0.1 at 2022-01-21 09:23:02 -0600
Processing by ArticlesController#index as HTML
  Rendering layout layouts/application.html.erb
  Rendering articles/index.html.erb within layouts/application
  Rendered articles/index.html.erb within layouts/application (Duration: 0.6ms | Allocations: 153)
  Rendered layout layouts/application.html.erb (Duration: 520.5ms | Allocations: 103366)
Completed 200 OK in 527ms (Views: 524.4ms | Allocations: 104610)


  [1m[35m (0.8ms)[0m  [1m[34mSELECT sqlite_version(*)[0m
  [1m[35m (4.9ms)[0m  [1m[35mCREATE TABLE "schema_migrations" ("version" varchar NOT NULL PRIMARY KEY)[0m
  [1m[35m (2.2ms)[0m  [1m[35mCREATE TABLE "ar_internal_metadata" ("key" varchar NOT NULL PRIMARY KEY, "value" varchar, "created_at" datetime(6) NOT NULL, "updated_at" datetime(6) NOT NULL)[0m
  [1m[36mActiveRecord::SchemaMigration Pluck (0.2ms)[0m  [1m[34mSELECT "schema_migrations"."version" FROM "schema_migrations" ORDER BY "schema_migrations"."version" ASC[0m
Migrating to CreateArticles (20220121152915)
  [1m[36mTRANSACTION (0.1ms)[0m  [1m[36mbegin transaction[0m
  [1m[35m (0.6ms)[0m  [1m[35mCREATE TABLE "articles" ("id" integer PRIMARY KEY AUTOINCREMENT NOT NULL, "title" varchar, "body" text, "created_at" datetime(6) NOT NULL, "updated_at" datetime(6) NOT NULL)[0m
  [1m[36mActiveRecord::SchemaMigration Create (0.2ms)[0m  [1m[32mINSERT INTO "schema_migrations" ("version") VALUES (?)[0m  [["version", "20220121152915"]]
  [1m[36mTRANSACTION (1.8ms)[0m  [1m[36mcommit transaction[0m
  [1m[36mActiveRecord::InternalMetadata Load (0.2ms)[0m  [1m[34mSELECT "ar_internal_metadata".* FROM "ar_internal_metadata" WHERE "ar_internal_metadata"."key" = ? LIMIT ?[0m  [["key", "environment"], ["LIMIT", 1]]
  [1m[36mTRANSACTION (0.0ms)[0m  [1m[36mbegin transaction[0m
  [1m[36mActiveRecord::InternalMetadata Create (0.5ms)[0m  [1m[32mINSERT INTO "ar_internal_metadata" ("key", "value", "created_at", "updated_at") VALUES (?, ?, ?, ?)[0m  [["key", "environment"], ["value", "development"], ["created_at", "2022-01-21 15:36:33.181426"], ["updated_at", "2022-01-21 15:36:33.181426"]]
  [1m[36mTRANSACTION (1.6ms)[0m  [1m[36mcommit transaction[0m
  [1m[35m (0.0ms)[0m  [1m[34mSELECT sqlite_version(*)[0m
  [1m[36mActiveRecord::SchemaMigration Pluck (0.1ms)[0m  [1m[34mSELECT "schema_migrations"."version" FROM "schema_migrations" ORDER BY "schema_migrations"."version" ASC[0m
  [1m[35m (0.8ms)[0m  [1m[34mSELECT sqlite_version(*)[0m
  [1m[36mTRANSACTION (0.1ms)[0m  [1m[36mbegin transaction[0m
  [1m[36mArticle Create (2.0ms)[0m  [1m[32mINSERT INTO "articles" ("title", "body", "created_at", "updated_at") VALUES (?, ?, ?, ?)[0m  [["title", "Hello Rails"], ["body", "I am on Rails!"], ["created_at", "2022-01-21 15:41:53.529605"], ["updated_at", "2022-01-21 15:41:53.529605"]]
  [1m[36mTRANSACTION (1.5ms)[0m  [1m[36mcommit transaction[0m
  [1m[36mArticle Load (0.2ms)[0m  [1m[34mSELECT "articles".* FROM "articles" WHERE "articles"."id" = ? LIMIT ?[0m  [["id", 1], ["LIMIT", 1]]
  [1m[36mArticle Load (0.2ms)[0m  [1m[34mSELECT "articles".* FROM "articles"[0m
Started GET "/articles" for 127.0.0.1 at 2022-01-21 09:57:18 -0600
  [1m[35m (0.1ms)[0m  [1m[34mSELECT sqlite_version(*)[0m
  [1m[36mActiveRecord::SchemaMigration Pluck (0.2ms)[0m  [1m[34mSELECT "schema_migrations"."version" FROM "schema_migrations" ORDER BY "schema_migrations"."version" ASC[0m
Processing by ArticlesController#index as HTML
  Rendering layout layouts/application.html.erb
  Rendering articles/index.html.erb within layouts/application
  [1m[36mArticle Load (0.2ms)[0m  [1m[34mSELECT "articles".* FROM "articles"[0m
  ↳ app/views/articles/index.html.erb:5
  Rendered articles/index.html.erb within layouts/application (Duration: 8.6ms | Allocations: 5644)
  Rendered layout layouts/application.html.erb (Duration: 29.6ms | Allocations: 20974)
Completed 200 OK in 37ms (Views: 32.2ms | ActiveRecord: 0.8ms | Allocations: 22996)


Started GET "/articles/1" for ::1 at 2022-01-21 10:17:59 -0600
Processing by ArticlesController#show as HTML
  Parameters: {"id"=>"1"}
  [1m[35m (0.0ms)[0m  [1m[34mSELECT sqlite_version(*)[0m
  ↳ app/controllers/articles_controller.rb:7:in `show'
  [1m[36mArticle Load (0.2ms)[0m  [1m[34mSELECT "articles".* FROM "articles" WHERE "articles"."id" = ? LIMIT ?[0m  [["id", 1], ["LIMIT", 1]]
  ↳ app/controllers/articles_controller.rb:7:in `show'
  Rendering layout layouts/application.html.erb
  Rendering articles/show.html.erb within layouts/application
  Rendered articles/show.html.erb within layouts/application (Duration: 1.2ms | Allocations: 197)
  Rendered layout layouts/application.html.erb (Duration: 23.7ms | Allocations: 15290)
Completed 200 OK in 37ms (Views: 27.8ms | ActiveRecord: 0.6ms | Allocations: 21455)


Started GET "/articles" for 127.0.0.1 at 2022-01-21 10:19:38 -0600
Processing by ArticlesController#index as HTML
  Rendering layout layouts/application.html.erb
  Rendering articles/index.html.erb within layouts/application
  [1m[36mArticle Load (0.2ms)[0m  [1m[34mSELECT "articles".* FROM "articles"[0m
  ↳ app/views/articles/index.html.erb:5
  Rendered articles/index.html.erb within layouts/application (Duration: 2.6ms | Allocations: 934)
  Rendered layout layouts/application.html.erb (Duration: 8.2ms | Allocations: 3890)
Completed 200 OK in 15ms (Views: 12.9ms | ActiveRecord: 0.2ms | Allocations: 5067)


Started GET "/articles" for 127.0.0.1 at 2022-01-21 10:19:48 -0600
Processing by ArticlesController#index as HTML
  Rendering layout layouts/application.html.erb
  Rendering articles/index.html.erb within layouts/application
  [1m[36mArticle Load (0.1ms)[0m  [1m[34mSELECT "articles".* FROM "articles"[0m
  ↳ app/views/articles/index.html.erb:5
  Rendered articles/index.html.erb within layouts/application (Duration: 1.5ms | Allocations: 584)
  Rendered layout layouts/application.html.erb (Duration: 6.9ms | Allocations: 3073)
Completed 200 OK in 9ms (Views: 8.0ms | ActiveRecord: 0.1ms | Allocations: 3456)


Started GET "/articles/1/" for 127.0.0.1 at 2022-01-21 10:19:54 -0600
Processing by ArticlesController#show as HTML
  Parameters: {"id"=>"1"}
  [1m[36mArticle Load (0.1ms)[0m  [1m[34mSELECT "articles".* FROM "articles" WHERE "articles"."id" = ? LIMIT ?[0m  [["id", 1], ["LIMIT", 1]]
  ↳ app/controllers/articles_controller.rb:7:in `show'
  Rendering layout layouts/application.html.erb
  Rendering articles/show.html.erb within layouts/application
  Rendered articles/show.html.erb within layouts/application (Duration: 0.6ms | Allocations: 153)
  Rendered layout layouts/application.html.erb (Duration: 5.6ms | Allocations: 2627)
Completed 200 OK in 10ms (Views: 6.5ms | ActiveRecord: 0.1ms | Allocations: 3529)


Started GET "/articles/" for 127.0.0.1 at 2022-01-21 10:19:59 -0600
Processing by ArticlesController#index as HTML
  Rendering layout layouts/application.html.erb
  Rendering articles/index.html.erb within layouts/application
  [1m[36mArticle Load (0.1ms)[0m  [1m[34mSELECT "articles".* FROM "articles"[0m
  ↳ app/views/articles/index.html.erb:5
  Rendered articles/index.html.erb within layouts/application (Duration: 1.6ms | Allocations: 582)
  Rendered layout layouts/application.html.erb (Duration: 6.8ms | Allocations: 3077)
Completed 200 OK in 9ms (Views: 7.7ms | ActiveRecord: 0.1ms | Allocations: 3446)


Started GET "/articles/" for 127.0.0.1 at 2022-01-21 10:21:36 -0600
Processing by ArticlesController#index as HTML
  Rendering layout layouts/application.html.erb
  Rendering articles/index.html.erb within layouts/application
  [1m[36mArticle Load (0.1ms)[0m  [1m[34mSELECT "articles".* FROM "articles"[0m
  ↳ app/views/articles/index.html.erb:5
  Rendered articles/index.html.erb within layouts/application (Duration: 2.0ms | Allocations: 899)
  Rendered layout layouts/application.html.erb (Duration: 8.1ms | Allocations: 3856)
Completed 200 OK in 14ms (Views: 11.5ms | ActiveRecord: 0.1ms | Allocations: 5014)


Started GET "/articles/1" for 127.0.0.1 at 2022-01-21 10:21:38 -0600
Processing by ArticlesController#show as HTML
  Parameters: {"id"=>"1"}
  [1m[36mArticle Load (0.1ms)[0m  [1m[34mSELECT "articles".* FROM "articles" WHERE "articles"."id" = ? LIMIT ?[0m  [["id", 1], ["LIMIT", 1]]
  ↳ app/controllers/articles_controller.rb:7:in `show'
  Rendering layout layouts/application.html.erb
  Rendering articles/show.html.erb within layouts/application
  Rendered articles/show.html.erb within layouts/application (Duration: 0.8ms | Allocations: 153)
  Rendered layout layouts/application.html.erb (Duration: 5.2ms | Allocations: 2630)
Completed 200 OK in 9ms (Views: 6.0ms | ActiveRecord: 0.1ms | Allocations: 3554)


Started GET "/articles/1" for 127.0.0.1 at 2022-01-21 10:21:42 -0600
Processing by ArticlesController#show as HTML
  Parameters: {"id"=>"1"}
  [1m[36mArticle Load (0.1ms)[0m  [1m[34mSELECT "articles".* FROM "articles" WHERE "articles"."id" = ? LIMIT ?[0m  [["id", 1], ["LIMIT", 1]]
  ↳ app/controllers/articles_controller.rb:7:in `show'
  Rendering layout layouts/application.html.erb
  Rendering articles/show.html.erb within layouts/application
  Rendered articles/show.html.erb within layouts/application (Duration: 0.1ms | Allocations: 21)
  Rendered layout layouts/application.html.erb (Duration: 4.9ms | Allocations: 2504)
Completed 200 OK in 8ms (Views: 5.6ms | ActiveRecord: 0.1ms | Allocations: 3332)


Started GET "/articles/" for 127.0.0.1 at 2022-01-21 11:40:17 -0600
Processing by ArticlesController#index as HTML
  Rendering layout layouts/application.html.erb
  Rendering articles/index.html.erb within layouts/application
  [1m[35m (0.1ms)[0m  [1m[34mSELECT sqlite_version(*)[0m
  ↳ app/views/articles/index.html.erb:5
  [1m[36mArticle Load (0.2ms)[0m  [1m[34mSELECT "articles".* FROM "articles"[0m
  ↳ app/views/articles/index.html.erb:5
  Rendered articles/index.html.erb within layouts/application (Duration: 14.5ms | Allocations: 2844)
  Rendered layout layouts/application.html.erb (Duration: 104.4ms | Allocations: 18151)
Completed 200 OK in 143ms (Views: 116.4ms | ActiveRecord: 0.7ms | Allocations: 20093)


Started GET "/articles/" for 127.0.0.1 at 2022-01-21 11:40:32 -0600
Processing by ArticlesController#index as HTML
  Rendering layout layouts/application.html.erb
  Rendering articles/index.html.erb within layouts/application
  [1m[36mArticle Load (0.1ms)[0m  [1m[34mSELECT "articles".* FROM "articles"[0m
  ↳ app/views/articles/index.html.erb:5
  Rendered articles/index.html.erb within layouts/application (Duration: 2.6ms | Allocations: 1004)
  Rendered layout layouts/application.html.erb (Duration: 9.2ms | Allocations: 3951)
Completed 200 OK in 16ms (Views: 13.2ms | ActiveRecord: 0.1ms | Allocations: 5125)


Started GET "/articles/new/" for 127.0.0.1 at 2022-01-21 11:59:56 -0600
Processing by ArticlesController#new as HTML
  [1m[35m (0.0ms)[0m  [1m[34mSELECT sqlite_version(*)[0m
  ↳ app/controllers/articles_controller.rb:11:in `new'
  Rendering layout layouts/application.html.erb
  Rendering articles/new.html.erb within layouts/application
  Rendered articles/new.html.erb within layouts/application (Duration: 113.7ms | Allocations: 5620)
  Rendered layout layouts/application.html.erb (Duration: 138.0ms | Allocations: 20726)
Completed 200 OK in 149ms (Views: 142.5ms | ActiveRecord: 0.3ms | Allocations: 24288)


Started GET "/articles/new/" for 127.0.0.1 at 2022-01-21 12:39:06 -0600
Processing by ArticlesController#new as HTML
  [1m[35m (0.0ms)[0m  [1m[34mSELECT sqlite_version(*)[0m
  ↳ app/controllers/articles_controller.rb:11:in `new'
  Rendering layout layouts/application.html.erb
  Rendering articles/new.html.erb within layouts/application
  Rendered articles/new.html.erb within layouts/application (Duration: 2.6ms | Allocations: 1476)
  Rendered layout layouts/application.html.erb (Duration: 22.5ms | Allocations: 16457)
Completed 200 OK in 35ms (Views: 26.6ms | ActiveRecord: 0.3ms | Allocations: 20253)


Started POST "/articles" for 127.0.0.1 at 2022-01-21 12:39:10 -0600
Processing by ArticlesController#create as TURBO_STREAM
  Parameters: {"authenticity_token"=>"[FILTERED]", "article"=>{"title"=>"c", "body"=>""}, "commit"=>"Create Article"}
  Rendering layout layouts/application.html.erb
  Rendering articles/new.html.erb within layouts/application
  Rendered articles/new.html.erb within layouts/application (Duration: 3.2ms | Allocations: 2647)
  Rendered layout layouts/application.html.erb (Duration: 7.7ms | Allocations: 5098)
Completed 422 Unprocessable Entity in 12ms (Views: 8.9ms | ActiveRecord: 0.0ms | Allocations: 6751)


Started POST "/articles" for 127.0.0.1 at 2022-01-21 12:39:14 -0600
Processing by ArticlesController#create as TURBO_STREAM
  Parameters: {"authenticity_token"=>"[FILTERED]", "article"=>{"title"=>"c", "body"=>"fggf"}, "commit"=>"Create Article"}
  Rendering layout layouts/application.html.erb
  Rendering articles/new.html.erb within layouts/application
  Rendered articles/new.html.erb within layouts/application (Duration: 1.9ms | Allocations: 1576)
  Rendered layout layouts/application.html.erb (Duration: 6.4ms | Allocations: 3927)
Completed 422 Unprocessable Entity in 9ms (Views: 7.2ms | ActiveRecord: 0.0ms | Allocations: 5055)


Started POST "/articles" for 127.0.0.1 at 2022-01-21 12:39:15 -0600
Processing by ArticlesController#create as TURBO_STREAM
  Parameters: {"authenticity_token"=>"[FILTERED]", "article"=>{"title"=>"c", "body"=>"fggf"}, "commit"=>"Create Article"}
  Rendering layout layouts/application.html.erb
  Rendering articles/new.html.erb within layouts/application
  Rendered articles/new.html.erb within layouts/application (Duration: 1.8ms | Allocations: 1576)
  Rendered layout layouts/application.html.erb (Duration: 6.3ms | Allocations: 3927)
Completed 422 Unprocessable Entity in 9ms (Views: 7.2ms | ActiveRecord: 0.0ms | Allocations: 5058)


Started GET "/articles/" for 127.0.0.1 at 2022-01-22 16:32:57 -0600
Processing by ArticlesController#index as HTML
  Rendering layout layouts/application.html.erb
  Rendering articles/index.html.erb within layouts/application
  [1m[35m (0.1ms)[0m  [1m[34mSELECT sqlite_version(*)[0m
  ↳ app/views/articles/index.html.erb:5
  [1m[36mArticle Load (0.2ms)[0m  [1m[34mSELECT "articles".* FROM "articles"[0m
  ↳ app/views/articles/index.html.erb:5
  Rendered articles/index.html.erb within layouts/application (Duration: 28.9ms | Allocations: 2784)
  Rendered layout layouts/application.html.erb (Duration: 129.4ms | Allocations: 18068)
Completed 200 OK in 171ms (Views: 142.6ms | ActiveRecord: 0.7ms | Allocations: 20179)


Started GET "/articles/1" for 127.0.0.1 at 2022-01-22 16:33:00 -0600
Processing by ArticlesController#show as HTML
  Parameters: {"id"=>"1"}
  [1m[36mArticle Load (0.2ms)[0m  [1m[34mSELECT "articles".* FROM "articles" WHERE "articles"."id" = ? LIMIT ?[0m  [["id", 1], ["LIMIT", 1]]
  ↳ app/controllers/articles_controller.rb:7:in `show'
  Rendering layout layouts/application.html.erb
  Rendering articles/show.html.erb within layouts/application
  Rendered articles/show.html.erb within layouts/application (Duration: 1.1ms | Allocations: 289)
  Rendered layout layouts/application.html.erb (Duration: 6.4ms | Allocations: 2756)
Completed 200 OK in 12ms (Views: 7.3ms | ActiveRecord: 0.2ms | Allocations: 4296)


Started GET "/articles/1/edit" for 127.0.0.1 at 2022-01-22 16:33:06 -0600
Processing by ArticlesController#edit as HTML
  Parameters: {"id"=>"1"}
  [1m[36mArticle Load (0.1ms)[0m  [1m[34mSELECT "articles".* FROM "articles" WHERE "articles"."id" = ? LIMIT ?[0m  [["id", 1], ["LIMIT", 1]]
  ↳ app/controllers/articles_controller.rb:25:in `edit'
  Rendering layout layouts/application.html.erb
  Rendering articles/edit.html.erb within layouts/application
  Rendered articles/_form.html.erb (Duration: 2.8ms | Allocations: 1346)
  Rendered articles/edit.html.erb within layouts/application (Duration: 4.6ms | Allocations: 1624)
  Rendered layout layouts/application.html.erb (Duration: 9.3ms | Allocations: 3918)
Completed 200 OK in 14ms (Views: 10.5ms | ActiveRecord: 0.1ms | Allocations: 4801)


  [1m[35m (14.1ms)[0m  [1m[34mSELECT sqlite_version(*)[0m
  [1m[36mActiveRecord::SchemaMigration Pluck (0.2ms)[0m  [1m[34mSELECT "schema_migrations"."version" FROM "schema_migrations" ORDER BY "schema_migrations"."version" ASC[0m
Migrating to CreateComments (20220122223505)
  [1m[36mTRANSACTION (0.1ms)[0m  [1m[36mbegin transaction[0m
  [1m[35m (1.9ms)[0m  [1m[35mCREATE TABLE "comments" ("id" integer PRIMARY KEY AUTOINCREMENT NOT NULL, "commenter" varchar, "body" text, "article_id" integer NOT NULL, "created_at" datetime(6) NOT NULL, "updated_at" datetime(6) NOT NULL, CONSTRAINT "fk_rails_3bf61a60d3"
FOREIGN KEY ("article_id")
  REFERENCES "articles" ("id")
)[0m
  [1m[35m (0.1ms)[0m  [1m[35mCREATE INDEX "index_comments_on_article_id" ON "comments" ("article_id")[0m
  [1m[36mActiveRecord::SchemaMigration Create (0.3ms)[0m  [1m[32mINSERT INTO "schema_migrations" ("version") VALUES (?)[0m  [["version", "20220122223505"]]
  [1m[36mTRANSACTION (1.8ms)[0m  [1m[36mcommit transaction[0m
  [1m[36mActiveRecord::InternalMetadata Load (0.2ms)[0m  [1m[34mSELECT "ar_internal_metadata".* FROM "ar_internal_metadata" WHERE "ar_internal_metadata"."key" = ? LIMIT ?[0m  [["key", "environment"], ["LIMIT", 1]]
  [1m[35m (0.1ms)[0m  [1m[34mSELECT sqlite_version(*)[0m
  [1m[36mActiveRecord::SchemaMigration Pluck (0.1ms)[0m  [1m[34mSELECT "schema_migrations"."version" FROM "schema_migrations" ORDER BY "schema_migrations"."version" ASC[0m
Started GET "/articles/1" for 127.0.0.1 at 2022-01-22 17:38:42 -0600
  [1m[35m (0.1ms)[0m  [1m[34mSELECT sqlite_version(*)[0m
  [1m[36mActiveRecord::SchemaMigration Pluck (0.1ms)[0m  [1m[34mSELECT "schema_migrations"."version" FROM "schema_migrations" ORDER BY "schema_migrations"."version" ASC[0m
Processing by ArticlesController#show as HTML
  Parameters: {"id"=>"1"}
  [1m[36mArticle Load (0.2ms)[0m  [1m[34mSELECT "articles".* FROM "articles" WHERE "articles"."id" = ? LIMIT ?[0m  [["id", 1], ["LIMIT", 1]]
  ↳ app/controllers/articles_controller.rb:7:in `show'
  Rendering layout layouts/application.html.erb
  Rendering articles/show.html.erb within layouts/application
  [1m[36mComment Load (0.2ms)[0m  [1m[34mSELECT "comments".* FROM "comments" WHERE "comments"."article_id" = ?[0m  [["article_id", 1]]
  ↳ app/views/articles/show.html.erb:11
  Rendered articles/show.html.erb within layouts/application (Duration: 108.1ms | Allocations: 18030)
  Rendered layout layouts/application.html.erb (Duration: 130.9ms | Allocations: 33034)
Completed 200 OK in 170ms (Views: 133.8ms | ActiveRecord: 1.2ms | Allocations: 39035)


Started POST "/articles/1/comments" for 127.0.0.1 at 2022-01-22 17:38:50 -0600
Processing by CommentsController#create as TURBO_STREAM
  Parameters: {"authenticity_token"=>"[FILTERED]", "comment"=>{"commenter"=>"sajib", "body"=>"asdads"}, "commit"=>"Create Comment", "article_id"=>"1"}
  [1m[36mArticle Load (0.1ms)[0m  [1m[34mSELECT "articles".* FROM "articles" WHERE "articles"."id" = ? LIMIT ?[0m  [["id", 1], ["LIMIT", 1]]
  ↳ app/controllers/comments_controller.rb:3:in `create'
  [1m[36mTRANSACTION (0.1ms)[0m  [1m[36mbegin transaction[0m
  ↳ app/controllers/comments_controller.rb:4:in `create'
  [1m[36mComment Create (0.6ms)[0m  [1m[32mINSERT INTO "comments" ("commenter", "body", "article_id", "created_at", "updated_at") VALUES (?, ?, ?, ?, ?)[0m  [["commenter", "sajib"], ["body", "asdads"], ["article_id", 1], ["created_at", "2022-01-22 23:38:50.815443"], ["updated_at", "2022-01-22 23:38:50.815443"]]
  ↳ app/controllers/comments_controller.rb:4:in `create'
  [1m[36mTRANSACTION (2.0ms)[0m  [1m[36mcommit transaction[0m
  ↳ app/controllers/comments_controller.rb:4:in `create'
No template found for CommentsController#create, rendering head :no_content
Completed 204 No Content in 15ms (ActiveRecord: 2.7ms | Allocations: 4756)


Started POST "/articles/1/comments" for 127.0.0.1 at 2022-01-22 17:38:53 -0600
Processing by CommentsController#create as TURBO_STREAM
  Parameters: {"authenticity_token"=>"[FILTERED]", "comment"=>{"commenter"=>"sajib", "body"=>"asdads"}, "commit"=>"Create Comment", "article_id"=>"1"}
  [1m[36mArticle Load (0.1ms)[0m  [1m[34mSELECT "articles".* FROM "articles" WHERE "articles"."id" = ? LIMIT ?[0m  [["id", 1], ["LIMIT", 1]]
  ↳ app/controllers/comments_controller.rb:3:in `create'
  [1m[36mTRANSACTION (0.0ms)[0m  [1m[36mbegin transaction[0m
  ↳ app/controllers/comments_controller.rb:4:in `create'
  [1m[36mComment Create (2.1ms)[0m  [1m[32mINSERT INTO "comments" ("commenter", "body", "article_id", "created_at", "updated_at") VALUES (?, ?, ?, ?, ?)[0m  [["commenter", "sajib"], ["body", "asdads"], ["article_id", 1], ["created_at", "2022-01-22 23:38:53.059137"], ["updated_at", "2022-01-22 23:38:53.059137"]]
  ↳ app/controllers/comments_controller.rb:4:in `create'
  [1m[36mTRANSACTION (2.4ms)[0m  [1m[36mcommit transaction[0m
  ↳ app/controllers/comments_controller.rb:4:in `create'
No template found for CommentsController#create, rendering head :no_content
Completed 204 No Content in 12ms (ActiveRecord: 4.6ms | Allocations: 3098)


Started POST "/articles/1/comments" for 127.0.0.1 at 2022-01-22 17:39:00 -0600
Processing by CommentsController#create as TURBO_STREAM
  Parameters: {"authenticity_token"=>"[FILTERED]", "comment"=>{"commenter"=>"sajib", "body"=>"asdads"}, "commit"=>"Create Comment", "article_id"=>"1"}
  [1m[36mArticle Load (0.1ms)[0m  [1m[34mSELECT "articles".* FROM "articles" WHERE "articles"."id" = ? LIMIT ?[0m  [["id", 1], ["LIMIT", 1]]
  ↳ app/controllers/comments_controller.rb:3:in `create'
  [1m[36mTRANSACTION (0.1ms)[0m  [1m[36mbegin transaction[0m
  ↳ app/controllers/comments_controller.rb:4:in `create'
  [1m[36mComment Create (2.1ms)[0m  [1m[32mINSERT INTO "comments" ("commenter", "body", "article_id", "created_at", "updated_at") VALUES (?, ?, ?, ?, ?)[0m  [["commenter", "sajib"], ["body", "asdads"], ["article_id", 1], ["created_at", "2022-01-22 23:39:00.795058"], ["updated_at", "2022-01-22 23:39:00.795058"]]
  ↳ app/controllers/comments_controller.rb:4:in `create'
  [1m[36mTRANSACTION (1.8ms)[0m  [1m[36mcommit transaction[0m
  ↳ app/controllers/comments_controller.rb:4:in `create'
No template found for CommentsController#create, rendering head :no_content
Completed 204 No Content in 22ms (ActiveRecord: 4.1ms | Allocations: 3106)


Started POST "/articles/1/comments" for 127.0.0.1 at 2022-01-22 17:39:01 -0600
Processing by CommentsController#create as TURBO_STREAM
  Parameters: {"authenticity_token"=>"[FILTERED]", "comment"=>{"commenter"=>"sajib", "body"=>"asdads"}, "commit"=>"Create Comment", "article_id"=>"1"}
  [1m[36mArticle Load (0.1ms)[0m  [1m[34mSELECT "articles".* FROM "articles" WHERE "articles"."id" = ? LIMIT ?[0m  [["id", 1], ["LIMIT", 1]]
  ↳ app/controllers/comments_controller.rb:3:in `create'
  [1m[36mTRANSACTION (0.0ms)[0m  [1m[36mbegin transaction[0m
  ↳ app/controllers/comments_controller.rb:4:in `create'
  [1m[36mComment Create (0.5ms)[0m  [1m[32mINSERT INTO "comments" ("commenter", "body", "article_id", "created_at", "updated_at") VALUES (?, ?, ?, ?, ?)[0m  [["commenter", "sajib"], ["body", "asdads"], ["article_id", 1], ["created_at", "2022-01-22 23:39:01.654324"], ["updated_at", "2022-01-22 23:39:01.654324"]]
  ↳ app/controllers/comments_controller.rb:4:in `create'
  [1m[36mTRANSACTION (2.5ms)[0m  [1m[36mcommit transaction[0m
  ↳ app/controllers/comments_controller.rb:4:in `create'
No template found for CommentsController#create, rendering head :no_content
Completed 204 No Content in 12ms (ActiveRecord: 3.2ms | Allocations: 3102)


Started POST "/articles/1/comments" for 127.0.0.1 at 2022-01-22 17:39:01 -0600
Processing by CommentsController#create as TURBO_STREAM
  Parameters: {"authenticity_token"=>"[FILTERED]", "comment"=>{"commenter"=>"sajib", "body"=>"asdads"}, "commit"=>"Create Comment", "article_id"=>"1"}
  [1m[36mArticle Load (0.1ms)[0m  [1m[34mSELECT "articles".* FROM "articles" WHERE "articles"."id" = ? LIMIT ?[0m  [["id", 1], ["LIMIT", 1]]
  ↳ app/controllers/comments_controller.rb:3:in `create'
  [1m[36mTRANSACTION (0.1ms)[0m  [1m[36mbegin transaction[0m
  ↳ app/controllers/comments_controller.rb:4:in `create'
  [1m[36mComment Create (2.1ms)[0m  [1m[32mINSERT INTO "comments" ("commenter", "body", "article_id", "created_at", "updated_at") VALUES (?, ?, ?, ?, ?)[0m  [["commenter", "sajib"], ["body", "asdads"], ["article_id", 1], ["created_at", "2022-01-22 23:39:01.918832"], ["updated_at", "2022-01-22 23:39:01.918832"]]
  ↳ app/controllers/comments_controller.rb:4:in `create'
  [1m[36mTRANSACTION (3.2ms)[0m  [1m[36mcommit transaction[0m
  ↳ app/controllers/comments_controller.rb:4:in `create'
No template found for CommentsController#create, rendering head :no_content
Completed 204 No Content in 13ms (ActiveRecord: 5.4ms | Allocations: 3107)


Started POST "/articles/1/comments" for 127.0.0.1 at 2022-01-22 17:39:02 -0600
Processing by CommentsController#create as TURBO_STREAM
  Parameters: {"authenticity_token"=>"[FILTERED]", "comment"=>{"commenter"=>"sajib", "body"=>"asdads"}, "commit"=>"Create Comment", "article_id"=>"1"}
  [1m[36mArticle Load (0.1ms)[0m  [1m[34mSELECT "articles".* FROM "articles" WHERE "articles"."id" = ? LIMIT ?[0m  [["id", 1], ["LIMIT", 1]]
  ↳ app/controllers/comments_controller.rb:3:in `create'
  [1m[36mTRANSACTION (0.0ms)[0m  [1m[36mbegin transaction[0m
  ↳ app/controllers/comments_controller.rb:4:in `create'
  [1m[36mComment Create (0.8ms)[0m  [1m[32mINSERT INTO "comments" ("commenter", "body", "article_id", "created_at", "updated_at") VALUES (?, ?, ?, ?, ?)[0m  [["commenter", "sajib"], ["body", "asdads"], ["article_id", 1], ["created_at", "2022-01-22 23:39:02.139369"], ["updated_at", "2022-01-22 23:39:02.139369"]]
  ↳ app/controllers/comments_controller.rb:4:in `create'
  [1m[36mTRANSACTION (2.9ms)[0m  [1m[36mcommit transaction[0m
  ↳ app/controllers/comments_controller.rb:4:in `create'
No template found for CommentsController#create, rendering head :no_content
Completed 204 No Content in 11ms (ActiveRecord: 3.9ms | Allocations: 3108)


Started POST "/articles/1/comments" for 127.0.0.1 at 2022-01-22 17:39:02 -0600
Processing by CommentsController#create as TURBO_STREAM
  Parameters: {"authenticity_token"=>"[FILTERED]", "comment"=>{"commenter"=>"sajib", "body"=>"asdads"}, "commit"=>"Create Comment", "article_id"=>"1"}
  [1m[36mArticle Load (0.1ms)[0m  [1m[34mSELECT "articles".* FROM "articles" WHERE "articles"."id" = ? LIMIT ?[0m  [["id", 1], ["LIMIT", 1]]
  ↳ app/controllers/comments_controller.rb:3:in `create'
  [1m[36mTRANSACTION (0.0ms)[0m  [1m[36mbegin transaction[0m
  ↳ app/controllers/comments_controller.rb:4:in `create'
  [1m[36mComment Create (0.5ms)[0m  [1m[32mINSERT INTO "comments" ("commenter", "body", "article_id", "created_at", "updated_at") VALUES (?, ?, ?, ?, ?)[0m  [["commenter", "sajib"], ["body", "asdads"], ["article_id", 1], ["created_at", "2022-01-22 23:39:02.328665"], ["updated_at", "2022-01-22 23:39:02.328665"]]
  ↳ app/controllers/comments_controller.rb:4:in `create'
  [1m[36mTRANSACTION (2.7ms)[0m  [1m[36mcommit transaction[0m
  ↳ app/controllers/comments_controller.rb:4:in `create'
No template found for CommentsController#create, rendering head :no_content
Completed 204 No Content in 11ms (ActiveRecord: 3.4ms | Allocations: 3102)


Started POST "/articles/1/comments" for 127.0.0.1 at 2022-01-22 17:39:02 -0600
Processing by CommentsController#create as TURBO_STREAM
  Parameters: {"authenticity_token"=>"[FILTERED]", "comment"=>{"commenter"=>"sajib", "body"=>"asdads"}, "commit"=>"Create Comment", "article_id"=>"1"}
  [1m[36mArticle Load (0.1ms)[0m  [1m[34mSELECT "articles".* FROM "articles" WHERE "articles"."id" = ? LIMIT ?[0m  [["id", 1], ["LIMIT", 1]]
  ↳ app/controllers/comments_controller.rb:3:in `create'
  [1m[36mTRANSACTION (0.0ms)[0m  [1m[36mbegin transaction[0m
  ↳ app/controllers/comments_controller.rb:4:in `create'
  [1m[36mComment Create (0.8ms)[0m  [1m[32mINSERT INTO "comments" ("commenter", "body", "article_id", "created_at", "updated_at") VALUES (?, ?, ?, ?, ?)[0m  [["commenter", "sajib"], ["body", "asdads"], ["article_id", 1], ["created_at", "2022-01-22 23:39:02.562040"], ["updated_at", "2022-01-22 23:39:02.562040"]]
  ↳ app/controllers/comments_controller.rb:4:in `create'
  [1m[36mTRANSACTION (3.5ms)[0m  [1m[36mcommit transaction[0m
  ↳ app/controllers/comments_controller.rb:4:in `create'
No template found for CommentsController#create, rendering head :no_content
Completed 204 No Content in 12ms (ActiveRecord: 4.4ms | Allocations: 3096)


Started POST "/articles/1/comments" for 127.0.0.1 at 2022-01-22 17:39:13 -0600
Processing by CommentsController#create as TURBO_STREAM
  Parameters: {"authenticity_token"=>"[FILTERED]", "comment"=>{"commenter"=>"sajib", "body"=>"asdads"}, "commit"=>"Create Comment", "article_id"=>"1"}
  [1m[36mArticle Load (0.1ms)[0m  [1m[34mSELECT "articles".* FROM "articles" WHERE "articles"."id" = ? LIMIT ?[0m  [["id", 1], ["LIMIT", 1]]
  ↳ app/controllers/comments_controller.rb:3:in `create'
  [1m[36mTRANSACTION (0.0ms)[0m  [1m[36mbegin transaction[0m
  ↳ app/controllers/comments_controller.rb:4:in `create'
  [1m[36mComment Create (2.1ms)[0m  [1m[32mINSERT INTO "comments" ("commenter", "body", "article_id", "created_at", "updated_at") VALUES (?, ?, ?, ?, ?)[0m  [["commenter", "sajib"], ["body", "asdads"], ["article_id", 1], ["created_at", "2022-01-22 23:39:13.266629"], ["updated_at", "2022-01-22 23:39:13.266629"]]
  ↳ app/controllers/comments_controller.rb:4:in `create'
  [1m[36mTRANSACTION (1.7ms)[0m  [1m[36mcommit transaction[0m
  ↳ app/controllers/comments_controller.rb:4:in `create'
No template found for CommentsController#create, rendering head :no_content
Completed 204 No Content in 12ms (ActiveRecord: 4.1ms | Allocations: 3096)


Started POST "/articles/1/comments" for 127.0.0.1 at 2022-01-22 17:39:44 -0600
Processing by CommentsController#create as TURBO_STREAM
  Parameters: {"authenticity_token"=>"[FILTERED]", "comment"=>{"commenter"=>"sajib", "body"=>"asdads"}, "commit"=>"Create Comment", "article_id"=>"1"}
  [1m[35m (0.0ms)[0m  [1m[34mSELECT sqlite_version(*)[0m
  ↳ app/controllers/comments_controller.rb:3:in `create'
  [1m[36mArticle Load (0.2ms)[0m  [1m[34mSELECT "articles".* FROM "articles" WHERE "articles"."id" = ? LIMIT ?[0m  [["id", 1], ["LIMIT", 1]]
  ↳ app/controllers/comments_controller.rb:3:in `create'
  [1m[36mTRANSACTION (0.0ms)[0m  [1m[36mbegin transaction[0m
  ↳ app/controllers/comments_controller.rb:4:in `create'
  [1m[36mComment Create (0.5ms)[0m  [1m[32mINSERT INTO "comments" ("commenter", "body", "article_id", "created_at", "updated_at") VALUES (?, ?, ?, ?, ?)[0m  [["commenter", "sajib"], ["body", "asdads"], ["article_id", 1], ["created_at", "2022-01-22 23:39:44.120986"], ["updated_at", "2022-01-22 23:39:44.120986"]]
  ↳ app/controllers/comments_controller.rb:4:in `create'
  [1m[36mTRANSACTION (1.6ms)[0m  [1m[36mcommit transaction[0m
  ↳ app/controllers/comments_controller.rb:4:in `create'
Redirected to http://127.0.0.1:3000/articles/1
Completed 302 Found in 24ms (ActiveRecord: 3.6ms | Allocations: 12007)


Started GET "/articles/1" for 127.0.0.1 at 2022-01-22 17:39:44 -0600
Processing by ArticlesController#show as TURBO_STREAM
  Parameters: {"id"=>"1"}
  [1m[36mArticle Load (0.1ms)[0m  [1m[34mSELECT "articles".* FROM "articles" WHERE "articles"."id" = ? LIMIT ?[0m  [["id", 1], ["LIMIT", 1]]
  ↳ app/controllers/articles_controller.rb:7:in `show'
  Rendering layout layouts/application.html.erb
  Rendering articles/show.html.erb within layouts/application
  [1m[36mComment Load (0.2ms)[0m  [1m[34mSELECT "comments".* FROM "comments" WHERE "comments"."article_id" = ?[0m  [["article_id", 1]]
  ↳ app/views/articles/show.html.erb:11
  Rendered articles/show.html.erb within layouts/application (Duration: 3.9ms | Allocations: 3149)
  Rendered layout layouts/application.html.erb (Duration: 23.6ms | Allocations: 17966)
Completed 200 OK in 28ms (Views: 25.8ms | ActiveRecord: 0.3ms | Allocations: 19429)


  [1m[35m (1.1ms)[0m  [1m[34mSELECT sqlite_version(*)[0m
  [1m[36mActiveRecord::SchemaMigration Pluck (0.2ms)[0m  [1m[34mSELECT "schema_migrations"."version" FROM "schema_migrations" ORDER BY "schema_migrations"."version" ASC[0m
Migrating to AddStatusToArticles (20220122235415)
  [1m[36mTRANSACTION (0.1ms)[0m  [1m[36mbegin transaction[0m
  [1m[35m (1.0ms)[0m  [1m[35mALTER TABLE "articles" ADD "status" varchar[0m
  [1m[36mActiveRecord::SchemaMigration Create (0.3ms)[0m  [1m[32mINSERT INTO "schema_migrations" ("version") VALUES (?)[0m  [["version", "20220122235415"]]
  [1m[36mTRANSACTION (2.5ms)[0m  [1m[36mcommit transaction[0m
Migrating to AddStatusToComments (20220122235436)
  [1m[36mTRANSACTION (0.1ms)[0m  [1m[36mbegin transaction[0m
  [1m[35m (0.8ms)[0m  [1m[35mALTER TABLE "comments" ADD "status" varchar[0m
  [1m[36mActiveRecord::SchemaMigration Create (0.2ms)[0m  [1m[32mINSERT INTO "schema_migrations" ("version") VALUES (?)[0m  [["version", "20220122235436"]]
  [1m[36mTRANSACTION (1.5ms)[0m  [1m[36mcommit transaction[0m
  [1m[36mActiveRecord::InternalMetadata Load (0.2ms)[0m  [1m[34mSELECT "ar_internal_metadata".* FROM "ar_internal_metadata" WHERE "ar_internal_metadata"."key" = ? LIMIT ?[0m  [["key", "environment"], ["LIMIT", 1]]
  [1m[35m (0.0ms)[0m  [1m[34mSELECT sqlite_version(*)[0m
  [1m[36mActiveRecord::SchemaMigration Pluck (0.1ms)[0m  [1m[34mSELECT "schema_migrations"."version" FROM "schema_migrations" ORDER BY "schema_migrations"."version" ASC[0m
Started GET "/articles/1" for 127.0.0.1 at 2022-01-22 18:31:15 -0600
  [1m[35m (0.1ms)[0m  [1m[34mSELECT sqlite_version(*)[0m
  [1m[36mActiveRecord::SchemaMigration Pluck (0.1ms)[0m  [1m[34mSELECT "schema_migrations"."version" FROM "schema_migrations" ORDER BY "schema_migrations"."version" ASC[0m
Processing by ArticlesController#show as HTML
  Parameters: {"id"=>"1"}
Completed 500 Internal Server Error in 9ms (ActiveRecord: 0.0ms | Allocations: 1491)


  
NameError (uninitialized constant Article::Visible):
  
app/models/article.rb:2:in `<class:Article>'
app/models/article.rb:1:in `<main>'
app/controllers/articles_controller.rb:7:in `show'
Started GET "/articles/1" for 127.0.0.1 at 2022-01-22 18:35:05 -0600
Processing by ArticlesController#show as HTML
  Parameters: {"id"=>"1"}
Completed 500 Internal Server Error in 9ms (Allocations: 1532)


  
NameError (uninitialized constant Article::Visible):
  
app/models/article.rb:2:in `<class:Article>'
app/models/article.rb:1:in `<main>'
app/controllers/articles_controller.rb:9:in `show'
Started GET "/articles/1" for 127.0.0.1 at 2022-01-22 18:37:30 -0600
Processing by ArticlesController#show as HTML
  Parameters: {"id"=>"1"}
Completed 500 Internal Server Error in 4ms (Allocations: 1478)


  
NameError (uninitialized constant Article::Visible):
  
app/models/article.rb:2:in `<class:Article>'
app/models/article.rb:1:in `<main>'
app/controllers/articles_controller.rb:9:in `show'
Started GET "/articles/1" for 127.0.0.1 at 2022-01-22 18:38:40 -0600
Processing by ArticlesController#show as HTML
  Parameters: {"id"=>"1"}
Completed 500 Internal Server Error in 26ms (Allocations: 4368)


  
NameError (uninitialized constant Article::Visible):
  
app/models/article.rb:2:in `<class:Article>'
app/models/article.rb:1:in `<main>'
app/controllers/articles_controller.rb:9:in `show'
Started GET "/articles/1" for 127.0.0.1 at 2022-01-22 18:38:44 -0600
Processing by ArticlesController#show as HTML
  Parameters: {"id"=>"1"}
Completed 500 Internal Server Error in 2ms (Allocations: 889)


  
NameError (uninitialized constant Article::Visible):
  
app/models/article.rb:2:in `<class:Article>'
app/models/article.rb:1:in `<main>'
app/controllers/articles_controller.rb:9:in `show'
Started GET "/articles/" for 127.0.0.1 at 2022-01-22 18:38:47 -0600
Processing by ArticlesController#index as HTML
Completed 500 Internal Server Error in 3ms (Allocations: 889)


  
NameError (uninitialized constant Article::Visible):
  
app/models/article.rb:2:in `<class:Article>'
app/models/article.rb:1:in `<main>'
app/controllers/articles_controller.rb:5:in `index'
Started GET "/articles/" for 127.0.0.1 at 2022-01-22 18:40:46 -0600
Processing by ArticlesController#index as HTML
  Rendering layout layouts/application.html.erb
  Rendering articles/index.html.erb within layouts/application
  Rendered articles/index.html.erb within layouts/application (Duration: 9.6ms | Allocations: 4660)
  Rendered layout layouts/application.html.erb (Duration: 10.2ms | Allocations: 4748)
Completed 500 Internal Server Error in 22ms (Allocations: 7888)


  
ActionView::Template::Error (undefined method `public_count' for Article:Class
Did you mean?  public_constant):
    1: <!--<h1>Articles#index</h1>-->
    2: <!--<p>Find me in app/views/articles/index.html.erb</p>-->
    3: <h1>Articles</h1>
    4: Our blog has <%= Article.public_count %> articles and counting!
    5: 
    6: <ul>
    7:   <%@articles.each do |article| %>
  
app/views/articles/index.html.erb:4
Started GET "/articles/" for 127.0.0.1 at 2022-01-22 18:41:02 -0600
Processing by ArticlesController#index as HTML
  Rendering layout layouts/application.html.erb
  Rendering articles/index.html.erb within layouts/application
  [1m[35m (0.0ms)[0m  [1m[34mSELECT sqlite_version(*)[0m
  ↳ app/views/articles/index.html.erb:7
  [1m[36mArticle Load (0.1ms)[0m  [1m[34mSELECT "articles".* FROM "articles"[0m
  ↳ app/views/articles/index.html.erb:7
  Rendered articles/index.html.erb within layouts/application (Duration: 13.4ms | Allocations: 7934)
  Rendered layout layouts/application.html.erb (Duration: 14.1ms | Allocations: 8022)
Completed 500 Internal Server Error in 20ms (ActiveRecord: 1.1ms | Allocations: 9151)


  
ActionView::Template::Error (undefined method `archived?' for #<Article id: 1, title: "Hello Rails", body: "I am on Rails!", created_at: "2022-01-21 15:41:53.529605000 +0000", updated_at: "2022-01-21 15:41:53.529605000 +0000", status: nil>):
     6: <ul>
     7:   <%@articles.each do |article| %>
     8: <!--    show the list item only if it is not archived-->
     9:     <%unless article.archived?%>
    10:   <li>
    11: <!--    <a href="<%#= article_path(article) %>">-->
    12:       <%#=article.title %>
  
app/views/articles/index.html.erb:9
app/views/articles/index.html.erb:7
Started GET "/articles/" for 127.0.0.1 at 2022-01-22 18:41:22 -0600
Processing by ArticlesController#index as HTML
  Rendering layout layouts/application.html.erb
  Rendering articles/index.html.erb within layouts/application
  [1m[36mArticle Load (0.2ms)[0m  [1m[34mSELECT "articles".* FROM "articles"[0m
  ↳ app/views/articles/index.html.erb:7
  Rendered articles/index.html.erb within layouts/application (Duration: 3.1ms | Allocations: 1112)
  Rendered layout layouts/application.html.erb (Duration: 26.9ms | Allocations: 16391)
Completed 200 OK in 33ms (Views: 30.7ms | ActiveRecord: 0.2ms | Allocations: 17562)


Started GET "/articles/1" for 127.0.0.1 at 2022-01-22 18:41:26 -0600
Processing by ArticlesController#show as HTML
  Parameters: {"id"=>"1"}
  [1m[36mArticle Load (0.2ms)[0m  [1m[34mSELECT "articles".* FROM "articles" WHERE "articles"."id" = ? LIMIT ?[0m  [["id", 1], ["LIMIT", 1]]
  ↳ app/controllers/articles_controller.rb:9:in `show'
  Rendering layout layouts/application.html.erb
  Rendering articles/show.html.erb within layouts/application
  [1m[36mComment Load (0.3ms)[0m  [1m[34mSELECT "comments".* FROM "comments" WHERE "comments"."article_id" = ?[0m  [["article_id", 1]]
  ↳ app/views/articles/show.html.erb:11
  Rendered collection of comments/_comment.html.erb [10 times] (Duration: 6.2ms | Allocations: 3738)
  Rendered articles/show.html.erb within layouts/application (Duration: 43.2ms | Allocations: 15234)
  Rendered layout layouts/application.html.erb (Duration: 44.4ms | Allocations: 15317)
Completed 500 Internal Server Error in 49ms (ActiveRecord: 1.0ms | Allocations: 16838)


  
ActionView::Template::Error (undefined method `archived?' for #<Comment id: 1, commenter: "sajib", body: "asdads", article_id: 1, created_at: "2022-01-22 23:38:50.815443000 +0000", updated_at: "2022-01-22 23:38:50.815443000 +0000", status: nil>):
    1: <% unless comment.archived? %>
    2: <p>
    3:   <strong>Commenter:</strong>
    4:   <%= comment.commenter %>
  
app/views/comments/_comment.html.erb:1
app/views/articles/show.html.erb:11
Started GET "/articles/1" for 127.0.0.1 at 2022-01-22 21:55:05 -0600
Processing by ArticlesController#show as HTML
  Parameters: {"id"=>"1"}
Completed 500 Internal Server Error in 9ms (Allocations: 1501)


  
NameError (uninitialized constant Article::Visible):
  
app/models/article.rb:2:in `<class:Article>'
app/models/article.rb:1:in `<main>'
app/controllers/articles_controller.rb:9:in `show'
Started GET "/articles/1" for 127.0.0.1 at 2022-01-22 21:57:18 -0600
  [1m[35m (1.5ms)[0m  [1m[34mSELECT sqlite_version(*)[0m
  [1m[36mActiveRecord::SchemaMigration Pluck (0.3ms)[0m  [1m[34mSELECT "schema_migrations"."version" FROM "schema_migrations" ORDER BY "schema_migrations"."version" ASC[0m
Processing by ArticlesController#show as HTML
  Parameters: {"id"=>"1"}
Completed 500 Internal Server Error in 45ms (ActiveRecord: 0.0ms | Allocations: 4084)


  
NameError (uninitialized constant Article::Visible):
  
app/models/article.rb:2:in `<class:Article>'
app/models/article.rb:1:in `<main>'
app/controllers/articles_controller.rb:9:in `show'
Started GET "/articles/1" for 127.0.0.1 at 2022-01-22 21:58:58 -0600
Processing by ArticlesController#show as HTML
  Parameters: {"id"=>"1"}
Completed 500 Internal Server Error in 39ms (ActiveRecord: 0.0ms | Allocations: 5068)


  
NameError (uninitialized constant Article::Visible):
  
app/models/article.rb:2:in `<class:Article>'
app/models/article.rb:1:in `<main>'
app/controllers/articles_controller.rb:9:in `show'
  [1m[35m (0.7ms)[0m  [1m[34mSELECT sqlite_version(*)[0m
  [1m[36mArticle Load (0.2ms)[0m  [1m[34mSELECT "articles".* FROM "articles" WHERE "articles"."id" = ? LIMIT ?[0m  [["id", 1], ["LIMIT", 1]]
Started GET "/articles/1" for 127.0.0.1 at 2022-01-22 22:04:02 -0600
Processing by ArticlesController#show as HTML
  Parameters: {"id"=>"1"}
  [1m[35m (0.0ms)[0m  [1m[34mSELECT sqlite_version(*)[0m
  ↳ app/controllers/articles_controller.rb:9:in `show'
  [1m[36mArticle Load (0.2ms)[0m  [1m[34mSELECT "articles".* FROM "articles" WHERE "articles"."id" = ? LIMIT ?[0m  [["id", 1], ["LIMIT", 1]]
  ↳ app/controllers/articles_controller.rb:9:in `show'
  Rendering layout layouts/application.html.erb
  Rendering articles/show.html.erb within layouts/application
  [1m[36mComment Load (0.2ms)[0m  [1m[34mSELECT "comments".* FROM "comments" WHERE "comments"."article_id" = ?[0m  [["article_id", 1]]
  ↳ app/views/articles/show.html.erb:14
  Rendered collection of comments/_comment.html.erb [10 times] (Duration: 4.7ms | Allocations: 2088)
  Rendered comments/_form.html.erb (Duration: 147.0ms | Allocations: 4646)
  Rendered articles/show.html.erb within layouts/application (Duration: 177.4ms | Allocations: 20554)
  Rendered layout layouts/application.html.erb (Duration: 649.7ms | Allocations: 58898)
Completed 200 OK in 679ms (Views: 652.9ms | ActiveRecord: 2.0ms | Allocations: 71284)


Started GET "/articles/1/edit" for 127.0.0.1 at 2022-01-22 22:04:33 -0600
Processing by ArticlesController#edit as HTML
  Parameters: {"id"=>"1"}
  [1m[36mArticle Load (0.1ms)[0m  [1m[34mSELECT "articles".* FROM "articles" WHERE "articles"."id" = ? LIMIT ?[0m  [["id", 1], ["LIMIT", 1]]
  ↳ app/controllers/articles_controller.rb:27:in `edit'
  Rendering layout layouts/application.html.erb
  Rendering articles/edit.html.erb within layouts/application
  Rendered articles/_form.html.erb (Duration: 2.2ms | Allocations: 1656)
  Rendered articles/edit.html.erb within layouts/application (Duration: 3.9ms | Allocations: 1918)
  Rendered layout layouts/application.html.erb (Duration: 8.5ms | Allocations: 4213)
Completed 200 OK in 13ms (Views: 9.4ms | ActiveRecord: 0.1ms | Allocations: 5212)


Started PATCH "/articles/1" for 127.0.0.1 at 2022-01-22 22:04:41 -0600
Processing by ArticlesController#update as TURBO_STREAM
  Parameters: {"authenticity_token"=>"[FILTERED]", "article"=>{"title"=>"Hello Rails", "body"=>"I am on Rails!", "status"=>"public"}, "commit"=>"Update Article", "id"=>"1"}
  [1m[36mArticle Load (0.1ms)[0m  [1m[34mSELECT "articles".* FROM "articles" WHERE "articles"."id" = ? LIMIT ?[0m  [["id", 1], ["LIMIT", 1]]
  ↳ app/controllers/articles_controller.rb:31:in `update'
  [1m[36mTRANSACTION (0.1ms)[0m  [1m[36mbegin transaction[0m
  ↳ app/controllers/articles_controller.rb:33:in `update'
  [1m[36mArticle Update (0.8ms)[0m  [1m[33mUPDATE "articles" SET "updated_at" = ?, "status" = ? WHERE "articles"."id" = ?[0m  [["updated_at", "2022-01-23 04:04:41.652620"], ["status", "public"], ["id", 1]]
  ↳ app/controllers/articles_controller.rb:33:in `update'
  [1m[36mTRANSACTION (3.5ms)[0m  [1m[36mcommit transaction[0m
  ↳ app/controllers/articles_controller.rb:33:in `update'
Redirected to http://127.0.0.1:3000/articles/1
Completed 302 Found in 14ms (ActiveRecord: 4.4ms | Allocations: 4577)


Started GET "/articles/1" for 127.0.0.1 at 2022-01-22 22:04:41 -0600
Processing by ArticlesController#show as TURBO_STREAM
  Parameters: {"id"=>"1"}
  [1m[36mArticle Load (0.1ms)[0m  [1m[34mSELECT "articles".* FROM "articles" WHERE "articles"."id" = ? LIMIT ?[0m  [["id", 1], ["LIMIT", 1]]
  ↳ app/controllers/articles_controller.rb:9:in `show'
  Rendering layout layouts/application.html.erb
  Rendering articles/show.html.erb within layouts/application
  [1m[36mComment Load (0.2ms)[0m  [1m[34mSELECT "comments".* FROM "comments" WHERE "comments"."article_id" = ?[0m  [["article_id", 1]]
  ↳ app/views/articles/show.html.erb:14
  Rendered collection of comments/_comment.html.erb [10 times] (Duration: 1.1ms | Allocations: 1010)
  Rendered comments/_form.html.erb (Duration: 1.6ms | Allocations: 1208)
  Rendered articles/show.html.erb within layouts/application (Duration: 6.2ms | Allocations: 3429)
  Rendered layout layouts/application.html.erb (Duration: 12.4ms | Allocations: 5819)
Completed 200 OK in 16ms (Views: 13.1ms | ActiveRecord: 0.3ms | Allocations: 6737)


Started GET "/articles/1/edit" for 127.0.0.1 at 2022-01-22 22:04:43 -0600
Processing by ArticlesController#edit as HTML
  Parameters: {"id"=>"1"}
  [1m[36mArticle Load (0.1ms)[0m  [1m[34mSELECT "articles".* FROM "articles" WHERE "articles"."id" = ? LIMIT ?[0m  [["id", 1], ["LIMIT", 1]]
  ↳ app/controllers/articles_controller.rb:27:in `edit'
  Rendering layout layouts/application.html.erb
  Rendering articles/edit.html.erb within layouts/application
  Rendered articles/_form.html.erb (Duration: 1.7ms | Allocations: 1092)
  Rendered articles/edit.html.erb within layouts/application (Duration: 2.0ms | Allocations: 1171)
  Rendered layout layouts/application.html.erb (Duration: 7.1ms | Allocations: 3465)
Completed 200 OK in 10ms (Views: 7.9ms | ActiveRecord: 0.1ms | Allocations: 4305)


Started PATCH "/articles/1" for 127.0.0.1 at 2022-01-22 22:04:45 -0600
Processing by ArticlesController#update as TURBO_STREAM
  Parameters: {"authenticity_token"=>"[FILTERED]", "article"=>{"title"=>"Hello Rails", "body"=>"I am on Rails!", "status"=>"private"}, "commit"=>"Update Article", "id"=>"1"}
  [1m[36mArticle Load (0.1ms)[0m  [1m[34mSELECT "articles".* FROM "articles" WHERE "articles"."id" = ? LIMIT ?[0m  [["id", 1], ["LIMIT", 1]]
  ↳ app/controllers/articles_controller.rb:31:in `update'
  [1m[36mTRANSACTION (0.1ms)[0m  [1m[36mbegin transaction[0m
  ↳ app/controllers/articles_controller.rb:33:in `update'
  [1m[36mArticle Update (0.7ms)[0m  [1m[33mUPDATE "articles" SET "updated_at" = ?, "status" = ? WHERE "articles"."id" = ?[0m  [["updated_at", "2022-01-23 04:04:45.666879"], ["status", "private"], ["id", 1]]
  ↳ app/controllers/articles_controller.rb:33:in `update'
  [1m[36mTRANSACTION (1.7ms)[0m  [1m[36mcommit transaction[0m
  ↳ app/controllers/articles_controller.rb:33:in `update'
Redirected to http://127.0.0.1:3000/articles/1
Completed 302 Found in 11ms (ActiveRecord: 2.5ms | Allocations: 2941)


Started GET "/articles/1" for 127.0.0.1 at 2022-01-22 22:04:45 -0600
Processing by ArticlesController#show as TURBO_STREAM
  Parameters: {"id"=>"1"}
  [1m[36mArticle Load (0.1ms)[0m  [1m[34mSELECT "articles".* FROM "articles" WHERE "articles"."id" = ? LIMIT ?[0m  [["id", 1], ["LIMIT", 1]]
  ↳ app/controllers/articles_controller.rb:9:in `show'
  Rendering layout layouts/application.html.erb
  Rendering articles/show.html.erb within layouts/application
  [1m[36mComment Load (0.2ms)[0m  [1m[34mSELECT "comments".* FROM "comments" WHERE "comments"."article_id" = ?[0m  [["article_id", 1]]
  ↳ app/views/articles/show.html.erb:14
  Rendered collection of comments/_comment.html.erb [10 times] (Duration: 1.3ms | Allocations: 988)
  Rendered comments/_form.html.erb (Duration: 1.8ms | Allocations: 1159)
  Rendered articles/show.html.erb within layouts/application (Duration: 7.4ms | Allocations: 3244)
  Rendered layout layouts/application.html.erb (Duration: 12.4ms | Allocations: 5539)
Completed 200 OK in 15ms (Views: 12.9ms | ActiveRecord: 0.3ms | Allocations: 6371)


Started GET "/articles/1/edit" for 127.0.0.1 at 2022-01-22 22:04:47 -0600
Processing by ArticlesController#edit as HTML
  Parameters: {"id"=>"1"}
  [1m[36mArticle Load (0.1ms)[0m  [1m[34mSELECT "articles".* FROM "articles" WHERE "articles"."id" = ? LIMIT ?[0m  [["id", 1], ["LIMIT", 1]]
  ↳ app/controllers/articles_controller.rb:27:in `edit'
  Rendering layout layouts/application.html.erb
  Rendering articles/edit.html.erb within layouts/application
  Rendered articles/_form.html.erb (Duration: 1.5ms | Allocations: 1083)
  Rendered articles/edit.html.erb within layouts/application (Duration: 1.9ms | Allocations: 1162)
  Rendered layout layouts/application.html.erb (Duration: 7.0ms | Allocations: 3469)
Completed 200 OK in 19ms (Views: 8.0ms | ActiveRecord: 0.1ms | Allocations: 4299)


Started PATCH "/articles/1" for 127.0.0.1 at 2022-01-22 22:04:56 -0600
Processing by ArticlesController#update as TURBO_STREAM
  Parameters: {"authenticity_token"=>"[FILTERED]", "article"=>{"title"=>"Hello Rails", "body"=>"I am on Rails!", "status"=>"private"}, "commit"=>"Update Article", "id"=>"1"}
  [1m[36mArticle Load (0.1ms)[0m  [1m[34mSELECT "articles".* FROM "articles" WHERE "articles"."id" = ? LIMIT ?[0m  [["id", 1], ["LIMIT", 1]]
  ↳ app/controllers/articles_controller.rb:31:in `update'
Redirected to http://127.0.0.1:3000/articles/1
Completed 302 Found in 5ms (ActiveRecord: 0.1ms | Allocations: 1198)


Started GET "/articles/1" for 127.0.0.1 at 2022-01-22 22:04:56 -0600
Processing by ArticlesController#show as TURBO_STREAM
  Parameters: {"id"=>"1"}
  [1m[36mArticle Load (0.2ms)[0m  [1m[34mSELECT "articles".* FROM "articles" WHERE "articles"."id" = ? LIMIT ?[0m  [["id", 1], ["LIMIT", 1]]
  ↳ app/controllers/articles_controller.rb:9:in `show'
  Rendering layout layouts/application.html.erb
  Rendering articles/show.html.erb within layouts/application
  [1m[36mComment Load (0.1ms)[0m  [1m[34mSELECT "comments".* FROM "comments" WHERE "comments"."article_id" = ?[0m  [["article_id", 1]]
  ↳ app/views/articles/show.html.erb:14
  Rendered collection of comments/_comment.html.erb [10 times] (Duration: 1.2ms | Allocations: 988)
  Rendered comments/_form.html.erb (Duration: 1.4ms | Allocations: 1143)
  Rendered articles/show.html.erb within layouts/application (Duration: 5.7ms | Allocations: 3228)
  Rendered layout layouts/application.html.erb (Duration: 11.4ms | Allocations: 5522)
Completed 200 OK in 14ms (Views: 12.1ms | ActiveRecord: 0.3ms | Allocations: 6354)


Started GET "/articles/1/edit" for 127.0.0.1 at 2022-01-22 22:05:28 -0600
Processing by ArticlesController#edit as HTML
  Parameters: {"id"=>"1"}
  [1m[36mArticle Load (0.1ms)[0m  [1m[34mSELECT "articles".* FROM "articles" WHERE "articles"."id" = ? LIMIT ?[0m  [["id", 1], ["LIMIT", 1]]
  ↳ app/controllers/articles_controller.rb:27:in `edit'
  Rendering layout layouts/application.html.erb
  Rendering articles/edit.html.erb within layouts/application
  Rendered articles/_form.html.erb (Duration: 1.3ms | Allocations: 1113)
  Rendered articles/edit.html.erb within layouts/application (Duration: 1.7ms | Allocations: 1192)
  Rendered layout layouts/application.html.erb (Duration: 6.3ms | Allocations: 3486)
Completed 200 OK in 10ms (Views: 7.3ms | ActiveRecord: 0.1ms | Allocations: 4315)


Started GET "/articles/1" for 127.0.0.1 at 2022-01-22 22:06:05 -0600
Processing by ArticlesController#show as HTML
  Parameters: {"id"=>"1"}
  [1m[36mArticle Load (0.2ms)[0m  [1m[34mSELECT "articles".* FROM "articles" WHERE "articles"."id" = ? LIMIT ?[0m  [["id", 1], ["LIMIT", 1]]
  ↳ app/controllers/articles_controller.rb:9:in `show'
  Rendering layout layouts/application.html.erb
  Rendering articles/show.html.erb within layouts/application
  [1m[36mComment Load (0.2ms)[0m  [1m[34mSELECT "comments".* FROM "comments" WHERE "comments"."article_id" = ?[0m  [["article_id", 1]]
  ↳ app/views/articles/show.html.erb:14
  Rendered collection of comments/_comment.html.erb [10 times] (Duration: 1.1ms | Allocations: 988)
  Rendered comments/_form.html.erb (Duration: 1.5ms | Allocations: 1147)
  Rendered articles/show.html.erb within layouts/application (Duration: 5.5ms | Allocations: 3225)
  Rendered layout layouts/application.html.erb (Duration: 10.0ms | Allocations: 5519)
Completed 200 OK in 14ms (Views: 10.7ms | ActiveRecord: 0.3ms | Allocations: 6346)


Started GET "/articles/" for 127.0.0.1 at 2022-01-22 22:06:15 -0600
Processing by ArticlesController#index as HTML
  Rendering layout layouts/application.html.erb
  Rendering articles/index.html.erb within layouts/application
  [1m[36mArticle Count (0.3ms)[0m  [1m[34mSELECT COUNT(*) FROM "articles" WHERE "articles"."status" = ?[0m  [["status", "public"]]
  ↳ app/models/concerns/Visible.rb:12:in `public_count'
  [1m[36mArticle Load (0.2ms)[0m  [1m[34mSELECT "articles".* FROM "articles"[0m
  ↳ app/views/articles/index.html.erb:6
  Rendered articles/index.html.erb within layouts/application (Duration: 4.4ms | Allocations: 1646)
  Rendered layout layouts/application.html.erb (Duration: 9.4ms | Allocations: 4139)
Completed 200 OK in 12ms (Views: 9.9ms | ActiveRecord: 0.4ms | Allocations: 4574)


Started GET "/articles/new" for 127.0.0.1 at 2022-01-22 22:06:25 -0600
Processing by ArticlesController#new as HTML
  Rendering layout layouts/application.html.erb
  Rendering articles/new.html.erb within layouts/application
  Rendered articles/_form.html.erb (Duration: 1.3ms | Allocations: 1086)
  Rendered articles/new.html.erb within layouts/application (Duration: 2.5ms | Allocations: 1285)
  Rendered layout layouts/application.html.erb (Duration: 8.0ms | Allocations: 3594)
Completed 200 OK in 11ms (Views: 8.9ms | ActiveRecord: 0.0ms | Allocations: 4022)


Started POST "/articles" for 127.0.0.1 at 2022-01-22 22:06:32 -0600
Processing by ArticlesController#create as TURBO_STREAM
  Parameters: {"authenticity_token"=>"[FILTERED]", "article"=>{"title"=>"tes1", "body"=>"sdfsdf", "status"=>"public"}, "commit"=>"Create Article"}
  Rendering layout layouts/application.html.erb
  Rendering articles/new.html.erb within layouts/application
  Rendered articles/_form.html.erb (Duration: 2.8ms | Allocations: 1904)
  Rendered articles/new.html.erb within layouts/application (Duration: 3.3ms | Allocations: 1990)
  Rendered layout layouts/application.html.erb (Duration: 8.1ms | Allocations: 4347)
Completed 422 Unprocessable Entity in 11ms (Views: 9.0ms | ActiveRecord: 0.0ms | Allocations: 5553)


Started POST "/articles" for 127.0.0.1 at 2022-01-22 22:06:36 -0600
Processing by ArticlesController#create as TURBO_STREAM
  Parameters: {"authenticity_token"=>"[FILTERED]", "article"=>{"title"=>"tes1", "body"=>"sdfsdffdsafsdfsdf", "status"=>"public"}, "commit"=>"Create Article"}
  [1m[36mTRANSACTION (0.1ms)[0m  [1m[36mbegin transaction[0m
  ↳ app/controllers/articles_controller.rb:19:in `create'
  [1m[36mArticle Create (0.6ms)[0m  [1m[32mINSERT INTO "articles" ("title", "body", "created_at", "updated_at", "status") VALUES (?, ?, ?, ?, ?)[0m  [["title", "tes1"], ["body", "sdfsdffdsafsdfsdf"], ["created_at", "2022-01-23 04:06:36.607311"], ["updated_at", "2022-01-23 04:06:36.607311"], ["status", "public"]]
  ↳ app/controllers/articles_controller.rb:19:in `create'
  [1m[36mTRANSACTION (3.1ms)[0m  [1m[36mcommit transaction[0m
  ↳ app/controllers/articles_controller.rb:19:in `create'
Redirected to http://127.0.0.1:3000/articles/2
Completed 302 Found in 11ms (ActiveRecord: 3.7ms | Allocations: 2494)


Started GET "/articles/2" for 127.0.0.1 at 2022-01-22 22:06:36 -0600
Processing by ArticlesController#show as TURBO_STREAM
  Parameters: {"id"=>"2"}
  [1m[36mArticle Load (0.1ms)[0m  [1m[34mSELECT "articles".* FROM "articles" WHERE "articles"."id" = ? LIMIT ?[0m  [["id", 2], ["LIMIT", 1]]
  ↳ app/controllers/articles_controller.rb:9:in `show'
  Rendering layout layouts/application.html.erb
  Rendering articles/show.html.erb within layouts/application
  [1m[36mComment Load (0.2ms)[0m  [1m[34mSELECT "comments".* FROM "comments" WHERE "comments"."article_id" = ?[0m  [["article_id", 2]]
  ↳ app/views/articles/show.html.erb:14
  Rendered collection of templates [0 times] (Duration: 0.0ms | Allocations: 22)
  Rendered comments/_form.html.erb (Duration: 1.8ms | Allocations: 1164)
  Rendered articles/show.html.erb within layouts/application (Duration: 6.0ms | Allocations: 2091)
  Rendered layout layouts/application.html.erb (Duration: 10.4ms | Allocations: 4385)
Completed 200 OK in 14ms (Views: 11.0ms | ActiveRecord: 0.3ms | Allocations: 5215)


Started GET "/articles/" for 127.0.0.1 at 2022-01-22 22:06:44 -0600
Processing by ArticlesController#index as HTML
  Rendering layout layouts/application.html.erb
  Rendering articles/index.html.erb within layouts/application
  [1m[36mArticle Count (0.2ms)[0m  [1m[34mSELECT COUNT(*) FROM "articles" WHERE "articles"."status" = ?[0m  [["status", "public"]]
  ↳ app/models/concerns/Visible.rb:12:in `public_count'
  [1m[36mArticle Load (0.1ms)[0m  [1m[34mSELECT "articles".* FROM "articles"[0m
  ↳ app/views/articles/index.html.erb:6
  Rendered articles/index.html.erb within layouts/application (Duration: 3.4ms | Allocations: 1257)
  Rendered layout layouts/application.html.erb (Duration: 9.3ms | Allocations: 3759)
Completed 200 OK in 12ms (Views: 10.2ms | ActiveRecord: 0.4ms | Allocations: 4118)


Started GET "/articles/2" for 127.0.0.1 at 2022-01-22 22:06:54 -0600
Processing by ArticlesController#show as HTML
  Parameters: {"id"=>"2"}
  [1m[36mArticle Load (0.1ms)[0m  [1m[34mSELECT "articles".* FROM "articles" WHERE "articles"."id" = ? LIMIT ?[0m  [["id", 2], ["LIMIT", 1]]
  ↳ app/controllers/articles_controller.rb:9:in `show'
  Rendering layout layouts/application.html.erb
  Rendering articles/show.html.erb within layouts/application
  [1m[36mComment Load (0.1ms)[0m  [1m[34mSELECT "comments".* FROM "comments" WHERE "comments"."article_id" = ?[0m  [["article_id", 2]]
  ↳ app/views/articles/show.html.erb:14
  Rendered collection of templates [0 times] (Duration: 0.0ms | Allocations: 11)
  Rendered comments/_form.html.erb (Duration: 1.5ms | Allocations: 1161)
  Rendered articles/show.html.erb within layouts/application (Duration: 3.8ms | Allocations: 2065)
  Rendered layout layouts/application.html.erb (Duration: 8.2ms | Allocations: 4359)
Completed 200 OK in 13ms (Views: 9.0ms | ActiveRecord: 0.2ms | Allocations: 5188)


Started GET "/articles/2/edit" for 127.0.0.1 at 2022-01-22 22:07:01 -0600
Processing by ArticlesController#edit as HTML
  Parameters: {"id"=>"2"}
  [1m[36mArticle Load (0.1ms)[0m  [1m[34mSELECT "articles".* FROM "articles" WHERE "articles"."id" = ? LIMIT ?[0m  [["id", 2], ["LIMIT", 1]]
  ↳ app/controllers/articles_controller.rb:27:in `edit'
  Rendering layout layouts/application.html.erb
  Rendering articles/edit.html.erb within layouts/application
  Rendered articles/_form.html.erb (Duration: 1.7ms | Allocations: 1098)
  Rendered articles/edit.html.erb within layouts/application (Duration: 2.1ms | Allocations: 1177)
  Rendered layout layouts/application.html.erb (Duration: 7.5ms | Allocations: 3471)
Completed 200 OK in 12ms (Views: 8.5ms | ActiveRecord: 0.1ms | Allocations: 4300)


Started PATCH "/articles/2" for 127.0.0.1 at 2022-01-22 22:07:03 -0600
Processing by ArticlesController#update as TURBO_STREAM
  Parameters: {"authenticity_token"=>"[FILTERED]", "article"=>{"title"=>"tes1", "body"=>"sdfsdffdsafsdfsdf", "status"=>"private"}, "commit"=>"Update Article", "id"=>"2"}
  [1m[36mArticle Load (0.1ms)[0m  [1m[34mSELECT "articles".* FROM "articles" WHERE "articles"."id" = ? LIMIT ?[0m  [["id", 2], ["LIMIT", 1]]
  ↳ app/controllers/articles_controller.rb:31:in `update'
  [1m[36mTRANSACTION (0.0ms)[0m  [1m[36mbegin transaction[0m
  ↳ app/controllers/articles_controller.rb:33:in `update'
  [1m[36mArticle Update (2.1ms)[0m  [1m[33mUPDATE "articles" SET "updated_at" = ?, "status" = ? WHERE "articles"."id" = ?[0m  [["updated_at", "2022-01-23 04:07:03.556213"], ["status", "private"], ["id", 2]]
  ↳ app/controllers/articles_controller.rb:33:in `update'
  [1m[36mTRANSACTION (2.7ms)[0m  [1m[36mcommit transaction[0m
  ↳ app/controllers/articles_controller.rb:33:in `update'
Redirected to http://127.0.0.1:3000/articles/2
Completed 302 Found in 14ms (ActiveRecord: 4.9ms | Allocations: 2916)


Started GET "/articles/2" for 127.0.0.1 at 2022-01-22 22:07:03 -0600
Processing by ArticlesController#show as TURBO_STREAM
  Parameters: {"id"=>"2"}
  [1m[36mArticle Load (0.1ms)[0m  [1m[34mSELECT "articles".* FROM "articles" WHERE "articles"."id" = ? LIMIT ?[0m  [["id", 2], ["LIMIT", 1]]
  ↳ app/controllers/articles_controller.rb:9:in `show'
  Rendering layout layouts/application.html.erb
  Rendering articles/show.html.erb within layouts/application
  [1m[36mComment Load (0.2ms)[0m  [1m[34mSELECT "comments".* FROM "comments" WHERE "comments"."article_id" = ?[0m  [["article_id", 2]]
  ↳ app/views/articles/show.html.erb:14
  Rendered collection of templates [0 times] (Duration: 0.0ms | Allocations: 11)
  Rendered comments/_form.html.erb (Duration: 1.5ms | Allocations: 1143)
  Rendered articles/show.html.erb within layouts/application (Duration: 4.1ms | Allocations: 2054)
  Rendered layout layouts/application.html.erb (Duration: 8.5ms | Allocations: 4348)
Completed 200 OK in 13ms (Views: 9.2ms | ActiveRecord: 0.3ms | Allocations: 5178)


Started GET "/articles/" for 127.0.0.1 at 2022-01-22 22:07:07 -0600
Processing by ArticlesController#index as HTML
  Rendering layout layouts/application.html.erb
  Rendering articles/index.html.erb within layouts/application
  [1m[36mArticle Count (0.2ms)[0m  [1m[34mSELECT COUNT(*) FROM "articles" WHERE "articles"."status" = ?[0m  [["status", "public"]]
  ↳ app/models/concerns/Visible.rb:12:in `public_count'
  [1m[36mArticle Load (0.2ms)[0m  [1m[34mSELECT "articles".* FROM "articles"[0m
  ↳ app/views/articles/index.html.erb:6
  Rendered articles/index.html.erb within layouts/application (Duration: 5.0ms | Allocations: 1258)
  Rendered layout layouts/application.html.erb (Duration: 9.8ms | Allocations: 3748)
Completed 200 OK in 12ms (Views: 10.5ms | ActiveRecord: 0.4ms | Allocations: 4106)


Started GET "/articles/2" for 127.0.0.1 at 2022-01-22 22:07:20 -0600
Processing by ArticlesController#show as HTML
  Parameters: {"id"=>"2"}
  [1m[36mArticle Load (0.1ms)[0m  [1m[34mSELECT "articles".* FROM "articles" WHERE "articles"."id" = ? LIMIT ?[0m  [["id", 2], ["LIMIT", 1]]
  ↳ app/controllers/articles_controller.rb:9:in `show'
  Rendering layout layouts/application.html.erb
  Rendering articles/show.html.erb within layouts/application
  [1m[36mComment Load (0.1ms)[0m  [1m[34mSELECT "comments".* FROM "comments" WHERE "comments"."article_id" = ?[0m  [["article_id", 2]]
  ↳ app/views/articles/show.html.erb:14
  Rendered collection of templates [0 times] (Duration: 0.0ms | Allocations: 11)
  Rendered comments/_form.html.erb (Duration: 1.6ms | Allocations: 1149)
  Rendered articles/show.html.erb within layouts/application (Duration: 4.2ms | Allocations: 2053)
  Rendered layout layouts/application.html.erb (Duration: 9.6ms | Allocations: 4347)
Completed 200 OK in 14ms (Views: 10.6ms | ActiveRecord: 0.3ms | Allocations: 5176)


Started GET "/articles/1" for 127.0.0.1 at 2022-01-22 22:07:23 -0600
Processing by ArticlesController#show as HTML
  Parameters: {"id"=>"1"}
  [1m[36mArticle Load (0.1ms)[0m  [1m[34mSELECT "articles".* FROM "articles" WHERE "articles"."id" = ? LIMIT ?[0m  [["id", 1], ["LIMIT", 1]]
  ↳ app/controllers/articles_controller.rb:9:in `show'
  Rendering layout layouts/application.html.erb
  Rendering articles/show.html.erb within layouts/application
  [1m[36mComment Load (0.1ms)[0m  [1m[34mSELECT "comments".* FROM "comments" WHERE "comments"."article_id" = ?[0m  [["article_id", 1]]
  ↳ app/views/articles/show.html.erb:14
  Rendered collection of comments/_comment.html.erb [10 times] (Duration: 1.9ms | Allocations: 988)
  Rendered comments/_form.html.erb (Duration: 1.9ms | Allocations: 1149)
  Rendered articles/show.html.erb within layouts/application (Duration: 6.4ms | Allocations: 3226)
  Rendered layout layouts/application.html.erb (Duration: 11.3ms | Allocations: 5520)
Completed 200 OK in 14ms (Views: 11.9ms | ActiveRecord: 0.2ms | Allocations: 6349)


Started GET "/articles/1/edit" for 127.0.0.1 at 2022-01-22 22:07:24 -0600
Processing by ArticlesController#edit as HTML
  Parameters: {"id"=>"1"}
  [1m[36mArticle Load (0.1ms)[0m  [1m[34mSELECT "articles".* FROM "articles" WHERE "articles"."id" = ? LIMIT ?[0m  [["id", 1], ["LIMIT", 1]]
  ↳ app/controllers/articles_controller.rb:27:in `edit'
  Rendering layout layouts/application.html.erb
  Rendering articles/edit.html.erb within layouts/application
  Rendered articles/_form.html.erb (Duration: 1.6ms | Allocations: 1098)
  Rendered articles/edit.html.erb within layouts/application (Duration: 2.0ms | Allocations: 1177)
  Rendered layout layouts/application.html.erb (Duration: 6.7ms | Allocations: 3471)
Completed 200 OK in 13ms (Views: 10.6ms | ActiveRecord: 0.1ms | Allocations: 4300)


Started PATCH "/articles/1" for 127.0.0.1 at 2022-01-22 22:07:26 -0600
Processing by ArticlesController#update as TURBO_STREAM
  Parameters: {"authenticity_token"=>"[FILTERED]", "article"=>{"title"=>"Hello Rails", "body"=>"I am on Rails!", "status"=>"public"}, "commit"=>"Update Article", "id"=>"1"}
  [1m[36mArticle Load (0.4ms)[0m  [1m[34mSELECT "articles".* FROM "articles" WHERE "articles"."id" = ? LIMIT ?[0m  [["id", 1], ["LIMIT", 1]]
  ↳ app/controllers/articles_controller.rb:31:in `update'
  [1m[36mTRANSACTION (0.1ms)[0m  [1m[36mbegin transaction[0m
  ↳ app/controllers/articles_controller.rb:33:in `update'
  [1m[36mArticle Update (0.5ms)[0m  [1m[33mUPDATE "articles" SET "updated_at" = ?, "status" = ? WHERE "articles"."id" = ?[0m  [["updated_at", "2022-01-23 04:07:26.557667"], ["status", "public"], ["id", 1]]
  ↳ app/controllers/articles_controller.rb:33:in `update'
  [1m[36mTRANSACTION (1.7ms)[0m  [1m[36mcommit transaction[0m
  ↳ app/controllers/articles_controller.rb:33:in `update'
Redirected to http://127.0.0.1:3000/articles/1
Completed 302 Found in 11ms (ActiveRecord: 2.8ms | Allocations: 2923)


Started GET "/articles/1" for 127.0.0.1 at 2022-01-22 22:07:26 -0600
Processing by ArticlesController#show as TURBO_STREAM
  Parameters: {"id"=>"1"}
  [1m[36mArticle Load (0.1ms)[0m  [1m[34mSELECT "articles".* FROM "articles" WHERE "articles"."id" = ? LIMIT ?[0m  [["id", 1], ["LIMIT", 1]]
  ↳ app/controllers/articles_controller.rb:9:in `show'
  Rendering layout layouts/application.html.erb
  Rendering articles/show.html.erb within layouts/application
  [1m[36mComment Load (0.2ms)[0m  [1m[34mSELECT "comments".* FROM "comments" WHERE "comments"."article_id" = ?[0m  [["article_id", 1]]
  ↳ app/views/articles/show.html.erb:14
  Rendered collection of comments/_comment.html.erb [10 times] (Duration: 1.4ms | Allocations: 988)
  Rendered comments/_form.html.erb (Duration: 2.0ms | Allocations: 1145)
  Rendered articles/show.html.erb within layouts/application (Duration: 6.8ms | Allocations: 3229)
  Rendered layout layouts/application.html.erb (Duration: 11.2ms | Allocations: 5536)
Completed 200 OK in 15ms (Views: 11.9ms | ActiveRecord: 0.3ms | Allocations: 6367)


Started GET "/articles/" for 127.0.0.1 at 2022-01-22 22:07:29 -0600
Processing by ArticlesController#index as HTML
  Rendering layout layouts/application.html.erb
  Rendering articles/index.html.erb within layouts/application
  [1m[36mArticle Count (0.2ms)[0m  [1m[34mSELECT COUNT(*) FROM "articles" WHERE "articles"."status" = ?[0m  [["status", "public"]]
  ↳ app/models/concerns/Visible.rb:12:in `public_count'
  [1m[36mArticle Load (0.1ms)[0m  [1m[34mSELECT "articles".* FROM "articles"[0m
  ↳ app/views/articles/index.html.erb:6
  Rendered articles/index.html.erb within layouts/application (Duration: 4.5ms | Allocations: 1257)
  Rendered layout layouts/application.html.erb (Duration: 9.2ms | Allocations: 3753)
Completed 200 OK in 12ms (Views: 9.8ms | ActiveRecord: 0.4ms | Allocations: 4111)


Started GET "/articles/2" for 127.0.0.1 at 2022-01-22 22:07:33 -0600
Processing by ArticlesController#show as HTML
  Parameters: {"id"=>"2"}
  [1m[36mArticle Load (0.1ms)[0m  [1m[34mSELECT "articles".* FROM "articles" WHERE "articles"."id" = ? LIMIT ?[0m  [["id", 2], ["LIMIT", 1]]
  ↳ app/controllers/articles_controller.rb:9:in `show'
  Rendering layout layouts/application.html.erb
  Rendering articles/show.html.erb within layouts/application
  [1m[36mComment Load (0.1ms)[0m  [1m[34mSELECT "comments".* FROM "comments" WHERE "comments"."article_id" = ?[0m  [["article_id", 2]]
  ↳ app/views/articles/show.html.erb:14
  Rendered collection of templates [0 times] (Duration: 0.0ms | Allocations: 11)
  Rendered comments/_form.html.erb (Duration: 1.5ms | Allocations: 1143)
  Rendered articles/show.html.erb within layouts/application (Duration: 4.1ms | Allocations: 2047)
  Rendered layout layouts/application.html.erb (Duration: 9.6ms | Allocations: 4341)
Completed 200 OK in 13ms (Views: 10.3ms | ActiveRecord: 0.2ms | Allocations: 5170)


Started GET "/articles/2/edit" for 127.0.0.1 at 2022-01-22 22:07:34 -0600
Processing by ArticlesController#edit as HTML
  Parameters: {"id"=>"2"}
  [1m[36mArticle Load (0.1ms)[0m  [1m[34mSELECT "articles".* FROM "articles" WHERE "articles"."id" = ? LIMIT ?[0m  [["id", 2], ["LIMIT", 1]]
  ↳ app/controllers/articles_controller.rb:27:in `edit'
  Rendering layout layouts/application.html.erb
  Rendering articles/edit.html.erb within layouts/application
  Rendered articles/_form.html.erb (Duration: 1.6ms | Allocations: 1101)
  Rendered articles/edit.html.erb within layouts/application (Duration: 1.9ms | Allocations: 1180)
  Rendered layout layouts/application.html.erb (Duration: 6.9ms | Allocations: 3474)
Completed 200 OK in 10ms (Views: 7.6ms | ActiveRecord: 0.1ms | Allocations: 4303)


Started GET "/articles/1" for 127.0.0.1 at 2022-01-22 22:07:39 -0600
Processing by ArticlesController#show as HTML
  Parameters: {"id"=>"1"}
  [1m[36mArticle Load (0.1ms)[0m  [1m[34mSELECT "articles".* FROM "articles" WHERE "articles"."id" = ? LIMIT ?[0m  [["id", 1], ["LIMIT", 1]]
  ↳ app/controllers/articles_controller.rb:9:in `show'
  Rendering layout layouts/application.html.erb
  Rendering articles/show.html.erb within layouts/application
  [1m[36mComment Load (0.2ms)[0m  [1m[34mSELECT "comments".* FROM "comments" WHERE "comments"."article_id" = ?[0m  [["article_id", 1]]
  ↳ app/views/articles/show.html.erb:14
  Rendered collection of comments/_comment.html.erb [10 times] (Duration: 1.4ms | Allocations: 988)
  Rendered comments/_form.html.erb (Duration: 1.5ms | Allocations: 1152)
  Rendered articles/show.html.erb within layouts/application (Duration: 6.1ms | Allocations: 3229)
  Rendered layout layouts/application.html.erb (Duration: 10.4ms | Allocations: 5528)
Completed 200 OK in 14ms (Views: 11.3ms | ActiveRecord: 0.3ms | Allocations: 6357)


Started GET "/articles/1/edit" for 127.0.0.1 at 2022-01-22 22:07:40 -0600
Processing by ArticlesController#edit as HTML
  Parameters: {"id"=>"1"}
  [1m[36mArticle Load (0.1ms)[0m  [1m[34mSELECT "articles".* FROM "articles" WHERE "articles"."id" = ? LIMIT ?[0m  [["id", 1], ["LIMIT", 1]]
  ↳ app/controllers/articles_controller.rb:27:in `edit'
  Rendering layout layouts/application.html.erb
  Rendering articles/edit.html.erb within layouts/application
  Rendered articles/_form.html.erb (Duration: 1.3ms | Allocations: 1095)
  Rendered articles/edit.html.erb within layouts/application (Duration: 1.7ms | Allocations: 1174)
  Rendered layout layouts/application.html.erb (Duration: 6.2ms | Allocations: 3470)
Completed 200 OK in 10ms (Views: 7.0ms | ActiveRecord: 0.1ms | Allocations: 4299)


Started GET "/articles/1" for 127.0.0.1 at 2022-01-22 22:08:25 -0600
Processing by ArticlesController#show as HTML
  Parameters: {"id"=>"1"}
  [1m[36mArticle Load (0.1ms)[0m  [1m[34mSELECT "articles".* FROM "articles" WHERE "articles"."id" = ? LIMIT ?[0m  [["id", 1], ["LIMIT", 1]]
  ↳ app/controllers/articles_controller.rb:9:in `show'
  Rendering layout layouts/application.html.erb
  Rendering articles/show.html.erb within layouts/application
  [1m[36mComment Load (0.2ms)[0m  [1m[34mSELECT "comments".* FROM "comments" WHERE "comments"."article_id" = ?[0m  [["article_id", 1]]
  ↳ app/views/articles/show.html.erb:14
  Rendered collection of comments/_comment.html.erb [10 times] (Duration: 1.1ms | Allocations: 988)
  Rendered comments/_form.html.erb (Duration: 1.6ms | Allocations: 1170)
  Rendered articles/show.html.erb within layouts/application (Duration: 5.4ms | Allocations: 3247)
  Rendered layout layouts/application.html.erb (Duration: 10.2ms | Allocations: 5547)
Completed 200 OK in 15ms (Views: 10.9ms | ActiveRecord: 0.3ms | Allocations: 6376)


Started GET "/articles/2" for 127.0.0.1 at 2022-01-22 22:09:11 -0600
Processing by ArticlesController#show as HTML
  Parameters: {"id"=>"2"}
  [1m[36mArticle Load (0.1ms)[0m  [1m[34mSELECT "articles".* FROM "articles" WHERE "articles"."id" = ? LIMIT ?[0m  [["id", 2], ["LIMIT", 1]]
  ↳ app/controllers/articles_controller.rb:9:in `show'
  Rendering layout layouts/application.html.erb
  Rendering articles/show.html.erb within layouts/application
  [1m[36mComment Load (0.1ms)[0m  [1m[34mSELECT "comments".* FROM "comments" WHERE "comments"."article_id" = ?[0m  [["article_id", 2]]
  ↳ app/views/articles/show.html.erb:14
  Rendered collection of templates [0 times] (Duration: 0.0ms | Allocations: 11)
  Rendered comments/_form.html.erb (Duration: 1.6ms | Allocations: 1143)
  Rendered articles/show.html.erb within layouts/application (Duration: 4.0ms | Allocations: 2047)
  Rendered layout layouts/application.html.erb (Duration: 8.6ms | Allocations: 4341)
Completed 200 OK in 13ms (Views: 9.6ms | ActiveRecord: 0.3ms | Allocations: 5170)


Started GET "/articles/2/edit" for 127.0.0.1 at 2022-01-22 22:09:16 -0600
Processing by ArticlesController#edit as HTML
  Parameters: {"id"=>"2"}
  [1m[36mArticle Load (0.1ms)[0m  [1m[34mSELECT "articles".* FROM "articles" WHERE "articles"."id" = ? LIMIT ?[0m  [["id", 2], ["LIMIT", 1]]
  ↳ app/controllers/articles_controller.rb:27:in `edit'
  Rendering layout layouts/application.html.erb
  Rendering articles/edit.html.erb within layouts/application
  Rendered articles/_form.html.erb (Duration: 1.5ms | Allocations: 1089)
  Rendered articles/edit.html.erb within layouts/application (Duration: 1.9ms | Allocations: 1168)
  Rendered layout layouts/application.html.erb (Duration: 6.4ms | Allocations: 3462)
Completed 200 OK in 11ms (Views: 7.5ms | ActiveRecord: 0.1ms | Allocations: 4294)


Started PATCH "/articles/2" for 127.0.0.1 at 2022-01-22 22:09:20 -0600
Processing by ArticlesController#update as TURBO_STREAM
  Parameters: {"authenticity_token"=>"[FILTERED]", "article"=>{"title"=>"tes1", "body"=>"sdfsdffdsafsdfsdf", "status"=>"private"}, "commit"=>"Update Article", "id"=>"2"}
  [1m[36mArticle Load (0.1ms)[0m  [1m[34mSELECT "articles".* FROM "articles" WHERE "articles"."id" = ? LIMIT ?[0m  [["id", 2], ["LIMIT", 1]]
  ↳ app/controllers/articles_controller.rb:31:in `update'
Redirected to http://127.0.0.1:3000/articles/2
Completed 302 Found in 4ms (ActiveRecord: 0.1ms | Allocations: 1200)


Started GET "/articles/2" for 127.0.0.1 at 2022-01-22 22:09:20 -0600
Processing by ArticlesController#show as TURBO_STREAM
  Parameters: {"id"=>"2"}
  [1m[36mArticle Load (0.1ms)[0m  [1m[34mSELECT "articles".* FROM "articles" WHERE "articles"."id" = ? LIMIT ?[0m  [["id", 2], ["LIMIT", 1]]
  ↳ app/controllers/articles_controller.rb:9:in `show'
  Rendering layout layouts/application.html.erb
  Rendering articles/show.html.erb within layouts/application
  [1m[36mComment Load (0.3ms)[0m  [1m[34mSELECT "comments".* FROM "comments" WHERE "comments"."article_id" = ?[0m  [["article_id", 2]]
  ↳ app/views/articles/show.html.erb:14
  Rendered collection of templates [0 times] (Duration: 0.0ms | Allocations: 11)
  Rendered comments/_form.html.erb (Duration: 1.5ms | Allocations: 1161)
  Rendered articles/show.html.erb within layouts/application (Duration: 4.5ms | Allocations: 2072)
  Rendered layout layouts/application.html.erb (Duration: 9.0ms | Allocations: 4366)
Completed 200 OK in 13ms (Views: 9.6ms | ActiveRecord: 0.4ms | Allocations: 5198)


Started GET "/articles/2/edit" for 127.0.0.1 at 2022-01-22 22:09:22 -0600
Processing by ArticlesController#edit as HTML
  Parameters: {"id"=>"2"}
  [1m[36mArticle Load (0.1ms)[0m  [1m[34mSELECT "articles".* FROM "articles" WHERE "articles"."id" = ? LIMIT ?[0m  [["id", 2], ["LIMIT", 1]]
  ↳ app/controllers/articles_controller.rb:27:in `edit'
  Rendering layout layouts/application.html.erb
  Rendering articles/edit.html.erb within layouts/application
  Rendered articles/_form.html.erb (Duration: 1.5ms | Allocations: 1095)
  Rendered articles/edit.html.erb within layouts/application (Duration: 2.0ms | Allocations: 1174)
  Rendered layout layouts/application.html.erb (Duration: 7.0ms | Allocations: 3468)
Completed 200 OK in 10ms (Views: 7.8ms | ActiveRecord: 0.1ms | Allocations: 4297)


